

Started GET "/" for 127.0.0.1 at 2016-06-01 19:11:07 -0400
Processing by Rails::WelcomeController#index as HTML
  Rendered /usr/lib/ruby/vendor_ruby/rails/templates/rails/welcome/index.html.erb (3.2ms)
Completed 200 OK in 30ms (Views: 13.3ms | ActiveRecord: 0.0ms)


Started GET "/" for 127.0.0.1 at 2016-06-01 19:21:24 -0400
Processing by Rails::WelcomeController#index as HTML
  Rendered /usr/lib/ruby/vendor_ruby/rails/templates/rails/welcome/index.html.erb (3.1ms)
Completed 200 OK in 31ms (Views: 14.0ms | ActiveRecord: 0.0ms)


Started GET "/home" for 127.0.0.1 at 2016-06-01 19:21:30 -0400

ActionController::RoutingError (No route matches [GET] "/home"):
  /usr/lib/ruby/vendor_ruby/action_dispatch/middleware/debug_exceptions.rb:21:in `call'
  /usr/lib/ruby/vendor_ruby/action_dispatch/middleware/show_exceptions.rb:30:in `call'
  /usr/lib/ruby/vendor_ruby/rails/rack/logger.rb:38:in `call_app'
  /usr/lib/ruby/vendor_ruby/rails/rack/logger.rb:20:in `block in call'
  /usr/lib/ruby/vendor_ruby/active_support/tagged_logging.rb:68:in `block in tagged'
  /usr/lib/ruby/vendor_ruby/active_support/tagged_logging.rb:26:in `tagged'
  /usr/lib/ruby/vendor_ruby/active_support/tagged_logging.rb:68:in `tagged'
  /usr/lib/ruby/vendor_ruby/rails/rack/logger.rb:20:in `call'
  /usr/lib/ruby/vendor_ruby/action_dispatch/middleware/request_id.rb:21:in `call'
  rack (1.5.5) lib/rack/methodoverride.rb:21:in `call'
  rack (1.5.5) lib/rack/runtime.rb:17:in `call'
  /usr/lib/ruby/vendor_ruby/active_support/cache/strategy/local_cache_middleware.rb:26:in `call'
  rack (1.5.5) lib/rack/lock.rb:17:in `call'
  /usr/lib/ruby/vendor_ruby/action_dispatch/middleware/static.rb:84:in `call'
  rack (1.5.5) lib/rack/sendfile.rb:112:in `call'
  /usr/lib/ruby/vendor_ruby/rails/engine.rb:514:in `call'
  /usr/lib/ruby/vendor_ruby/rails/application.rb:144:in `call'
  rack (1.5.5) lib/rack/lock.rb:17:in `call'
  rack (1.5.5) lib/rack/content_length.rb:14:in `call'
  rack (1.5.5) lib/rack/handler/webrick.rb:60:in `service'
  /usr/lib/ruby/2.1.0/webrick/httpserver.rb:138:in `service'
  /usr/lib/ruby/2.1.0/webrick/httpserver.rb:94:in `run'
  /usr/lib/ruby/2.1.0/webrick/server.rb:295:in `block in start_thread'


  Rendered /usr/lib/ruby/vendor_ruby/action_dispatch/middleware/templates/rescues/_trace.html.erb (2.6ms)
  Rendered /usr/lib/ruby/vendor_ruby/action_dispatch/middleware/templates/routes/_route.html.erb (2.1ms)
  Rendered /usr/lib/ruby/vendor_ruby/action_dispatch/middleware/templates/routes/_table.html.erb (16.8ms)
  Rendered /usr/lib/ruby/vendor_ruby/action_dispatch/middleware/templates/rescues/routing_error.html.erb within rescues/layout (47.4ms)


Started GET "/welcome" for 127.0.0.1 at 2016-06-01 19:21:42 -0400
Processing by PagesController#home as HTML
Completed 500 Internal Server Error in 80ms (ActiveRecord: 0.0ms)

ActionView::MissingTemplate (Missing template pages/home, application/home with {:locale=>[:en], :formats=>[:html], :variants=>[], :handlers=>[:erb, :builder, :raw, :ruby, :coffee, :jbuilder]}. Searched in:
  * "/home/mark/Desktop/Ruby_On_Rails/Project/app/views"
):
  /usr/lib/ruby/vendor_ruby/action_view/path_set.rb:46:in `find'
  /usr/lib/ruby/vendor_ruby/action_view/lookup_context.rb:124:in `find'
  /usr/lib/ruby/vendor_ruby/action_view/renderer/abstract_renderer.rb:18:in `find_template'
  /usr/lib/ruby/vendor_ruby/action_view/renderer/template_renderer.rb:41:in `determine_template'
  /usr/lib/ruby/vendor_ruby/action_view/renderer/template_renderer.rb:8:in `render'
  /usr/lib/ruby/vendor_ruby/action_view/renderer/renderer.rb:42:in `render_template'
  /usr/lib/ruby/vendor_ruby/action_view/renderer/renderer.rb:23:in `render'
  /usr/lib/ruby/vendor_ruby/action_view/rendering.rb:99:in `_render_template'
  /usr/lib/ruby/vendor_ruby/action_controller/metal/streaming.rb:217:in `_render_template'
  /usr/lib/ruby/vendor_ruby/action_view/rendering.rb:82:in `render_to_body'
  /usr/lib/ruby/vendor_ruby/action_controller/metal/rendering.rb:32:in `render_to_body'
  /usr/lib/ruby/vendor_ruby/action_controller/metal/renderers.rb:32:in `render_to_body'
  /usr/lib/ruby/vendor_ruby/abstract_controller/rendering.rb:25:in `render'
  /usr/lib/ruby/vendor_ruby/action_controller/metal/rendering.rb:16:in `render'
  /usr/lib/ruby/vendor_ruby/action_controller/metal/instrumentation.rb:44:in `block (2 levels) in render'
  /usr/lib/ruby/vendor_ruby/active_support/core_ext/benchmark.rb:12:in `block in ms'
  /usr/lib/ruby/2.1.0/benchmark.rb:294:in `realtime'
  /usr/lib/ruby/vendor_ruby/active_support/core_ext/benchmark.rb:12:in `ms'
  /usr/lib/ruby/vendor_ruby/action_controller/metal/instrumentation.rb:44:in `block in render'
  /usr/lib/ruby/vendor_ruby/action_controller/metal/instrumentation.rb:87:in `cleanup_view_runtime'
  activerecord (4.1.10) lib/active_record/railties/controller_runtime.rb:25:in `cleanup_view_runtime'
  /usr/lib/ruby/vendor_ruby/action_controller/metal/instrumentation.rb:43:in `render'
  /usr/lib/ruby/vendor_ruby/action_controller/metal/implicit_render.rb:10:in `default_render'
  /usr/lib/ruby/vendor_ruby/action_controller/metal/implicit_render.rb:5:in `send_action'
  /usr/lib/ruby/vendor_ruby/abstract_controller/base.rb:189:in `process_action'
  /usr/lib/ruby/vendor_ruby/action_controller/metal/rendering.rb:10:in `process_action'
  /usr/lib/ruby/vendor_ruby/abstract_controller/callbacks.rb:20:in `block in process_action'
  /usr/lib/ruby/vendor_ruby/active_support/callbacks.rb:113:in `call'
  /usr/lib/ruby/vendor_ruby/active_support/callbacks.rb:113:in `call'
  /usr/lib/ruby/vendor_ruby/active_support/callbacks.rb:552:in `block (2 levels) in compile'
  /usr/lib/ruby/vendor_ruby/active_support/callbacks.rb:502:in `call'
  /usr/lib/ruby/vendor_ruby/active_support/callbacks.rb:502:in `call'
  /usr/lib/ruby/vendor_ruby/active_support/callbacks.rb:86:in `run_callbacks'
  /usr/lib/ruby/vendor_ruby/abstract_controller/callbacks.rb:19:in `process_action'
  /usr/lib/ruby/vendor_ruby/action_controller/metal/rescue.rb:29:in `process_action'
  /usr/lib/ruby/vendor_ruby/action_controller/metal/instrumentation.rb:32:in `block in process_action'
  /usr/lib/ruby/vendor_ruby/active_support/notifications.rb:159:in `block in instrument'
  /usr/lib/ruby/vendor_ruby/active_support/notifications/instrumenter.rb:20:in `instrument'
  /usr/lib/ruby/vendor_ruby/active_support/notifications.rb:159:in `instrument'
  /usr/lib/ruby/vendor_ruby/action_controller/metal/instrumentation.rb:30:in `process_action'
  /usr/lib/ruby/vendor_ruby/action_controller/metal/params_wrapper.rb:250:in `process_action'
  activerecord (4.1.10) lib/active_record/railties/controller_runtime.rb:18:in `process_action'
  /usr/lib/ruby/vendor_ruby/abstract_controller/base.rb:136:in `process'
  /usr/lib/ruby/vendor_ruby/action_view/rendering.rb:30:in `process'
  /usr/lib/ruby/vendor_ruby/action_controller/metal.rb:196:in `dispatch'
  /usr/lib/ruby/vendor_ruby/action_controller/metal/rack_delegation.rb:13:in `dispatch'
  /usr/lib/ruby/vendor_ruby/action_controller/metal.rb:232:in `block in action'
  /usr/lib/ruby/vendor_ruby/action_dispatch/routing/route_set.rb:82:in `call'
  /usr/lib/ruby/vendor_ruby/action_dispatch/routing/route_set.rb:82:in `dispatch'
  /usr/lib/ruby/vendor_ruby/action_dispatch/routing/route_set.rb:50:in `call'
  /usr/lib/ruby/vendor_ruby/action_dispatch/journey/router.rb:73:in `block in call'
  /usr/lib/ruby/vendor_ruby/action_dispatch/journey/router.rb:59:in `each'
  /usr/lib/ruby/vendor_ruby/action_dispatch/journey/router.rb:59:in `call'
  /usr/lib/ruby/vendor_ruby/action_dispatch/routing/route_set.rb:692:in `call'
  rack (1.5.5) lib/rack/etag.rb:23:in `call'
  rack (1.5.5) lib/rack/conditionalget.rb:25:in `call'
  rack (1.5.5) lib/rack/head.rb:11:in `call'
  /usr/lib/ruby/vendor_ruby/action_dispatch/middleware/params_parser.rb:27:in `call'
  /usr/lib/ruby/vendor_ruby/action_dispatch/middleware/flash.rb:254:in `call'
  rack (1.5.5) lib/rack/session/abstract/id.rb:225:in `context'
  rack (1.5.5) lib/rack/session/abstract/id.rb:220:in `call'
  /usr/lib/ruby/vendor_ruby/action_dispatch/middleware/cookies.rb:562:in `call'
  activerecord (4.1.10) lib/active_record/query_cache.rb:36:in `call'
  activerecord (4.1.10) lib/active_record/connection_adapters/abstract/connection_pool.rb:621:in `call'
  activerecord (4.1.10) lib/active_record/migration.rb:380:in `call'
  /usr/lib/ruby/vendor_ruby/action_dispatch/middleware/callbacks.rb:29:in `block in call'
  /usr/lib/ruby/vendor_ruby/active_support/callbacks.rb:82:in `run_callbacks'
  /usr/lib/ruby/vendor_ruby/action_dispatch/middleware/callbacks.rb:27:in `call'
  /usr/lib/ruby/vendor_ruby/action_dispatch/middleware/reloader.rb:73:in `call'
  /usr/lib/ruby/vendor_ruby/action_dispatch/middleware/remote_ip.rb:76:in `call'
  /usr/lib/ruby/vendor_ruby/action_dispatch/middleware/debug_exceptions.rb:17:in `call'
  /usr/lib/ruby/vendor_ruby/action_dispatch/middleware/show_exceptions.rb:30:in `call'
  /usr/lib/ruby/vendor_ruby/rails/rack/logger.rb:38:in `call_app'
  /usr/lib/ruby/vendor_ruby/rails/rack/logger.rb:20:in `block in call'
  /usr/lib/ruby/vendor_ruby/active_support/tagged_logging.rb:68:in `block in tagged'
  /usr/lib/ruby/vendor_ruby/active_support/tagged_logging.rb:26:in `tagged'
  /usr/lib/ruby/vendor_ruby/active_support/tagged_logging.rb:68:in `tagged'
  /usr/lib/ruby/vendor_ruby/rails/rack/logger.rb:20:in `call'
  /usr/lib/ruby/vendor_ruby/action_dispatch/middleware/request_id.rb:21:in `call'
  rack (1.5.5) lib/rack/methodoverride.rb:21:in `call'
  rack (1.5.5) lib/rack/runtime.rb:17:in `call'
  /usr/lib/ruby/vendor_ruby/active_support/cache/strategy/local_cache_middleware.rb:26:in `call'
  rack (1.5.5) lib/rack/lock.rb:17:in `call'
  /usr/lib/ruby/vendor_ruby/action_dispatch/middleware/static.rb:84:in `call'
  rack (1.5.5) lib/rack/sendfile.rb:112:in `call'
  /usr/lib/ruby/vendor_ruby/rails/engine.rb:514:in `call'
  /usr/lib/ruby/vendor_ruby/rails/application.rb:144:in `call'
  rack (1.5.5) lib/rack/lock.rb:17:in `call'
  rack (1.5.5) lib/rack/content_length.rb:14:in `call'
  rack (1.5.5) lib/rack/handler/webrick.rb:60:in `service'
  /usr/lib/ruby/2.1.0/webrick/httpserver.rb:138:in `service'
  /usr/lib/ruby/2.1.0/webrick/httpserver.rb:94:in `run'
  /usr/lib/ruby/2.1.0/webrick/server.rb:295:in `block in start_thread'


  Rendered /usr/lib/ruby/vendor_ruby/action_dispatch/middleware/templates/rescues/missing_template.html.erb within rescues/layout (1.0ms)


Started GET "/welcome/" for 127.0.0.1 at 2016-06-01 19:21:48 -0400
Processing by PagesController#home as HTML
Completed 500 Internal Server Error in 3ms (ActiveRecord: 0.0ms)

ActionView::MissingTemplate (Missing template pages/home, application/home with {:locale=>[:en], :formats=>[:html], :variants=>[], :handlers=>[:erb, :builder, :raw, :ruby, :coffee, :jbuilder]}. Searched in:
  * "/home/mark/Desktop/Ruby_On_Rails/Project/app/views"
):
  /usr/lib/ruby/vendor_ruby/action_view/path_set.rb:46:in `find'
  /usr/lib/ruby/vendor_ruby/action_view/lookup_context.rb:124:in `find'
  /usr/lib/ruby/vendor_ruby/action_view/renderer/abstract_renderer.rb:18:in `find_template'
  /usr/lib/ruby/vendor_ruby/action_view/renderer/template_renderer.rb:41:in `determine_template'
  /usr/lib/ruby/vendor_ruby/action_view/renderer/template_renderer.rb:8:in `render'
  /usr/lib/ruby/vendor_ruby/action_view/renderer/renderer.rb:42:in `render_template'
  /usr/lib/ruby/vendor_ruby/action_view/renderer/renderer.rb:23:in `render'
  /usr/lib/ruby/vendor_ruby/action_view/rendering.rb:99:in `_render_template'
  /usr/lib/ruby/vendor_ruby/action_controller/metal/streaming.rb:217:in `_render_template'
  /usr/lib/ruby/vendor_ruby/action_view/rendering.rb:82:in `render_to_body'
  /usr/lib/ruby/vendor_ruby/action_controller/metal/rendering.rb:32:in `render_to_body'
  /usr/lib/ruby/vendor_ruby/action_controller/metal/renderers.rb:32:in `render_to_body'
  /usr/lib/ruby/vendor_ruby/abstract_controller/rendering.rb:25:in `render'
  /usr/lib/ruby/vendor_ruby/action_controller/metal/rendering.rb:16:in `render'
  /usr/lib/ruby/vendor_ruby/action_controller/metal/instrumentation.rb:44:in `block (2 levels) in render'
  /usr/lib/ruby/vendor_ruby/active_support/core_ext/benchmark.rb:12:in `block in ms'
  /usr/lib/ruby/2.1.0/benchmark.rb:294:in `realtime'
  /usr/lib/ruby/vendor_ruby/active_support/core_ext/benchmark.rb:12:in `ms'
  /usr/lib/ruby/vendor_ruby/action_controller/metal/instrumentation.rb:44:in `block in render'
  /usr/lib/ruby/vendor_ruby/action_controller/metal/instrumentation.rb:87:in `cleanup_view_runtime'
  activerecord (4.1.10) lib/active_record/railties/controller_runtime.rb:25:in `cleanup_view_runtime'
  /usr/lib/ruby/vendor_ruby/action_controller/metal/instrumentation.rb:43:in `render'
  /usr/lib/ruby/vendor_ruby/action_controller/metal/implicit_render.rb:10:in `default_render'
  /usr/lib/ruby/vendor_ruby/action_controller/metal/implicit_render.rb:5:in `send_action'
  /usr/lib/ruby/vendor_ruby/abstract_controller/base.rb:189:in `process_action'
  /usr/lib/ruby/vendor_ruby/action_controller/metal/rendering.rb:10:in `process_action'
  /usr/lib/ruby/vendor_ruby/abstract_controller/callbacks.rb:20:in `block in process_action'
  /usr/lib/ruby/vendor_ruby/active_support/callbacks.rb:113:in `call'
  /usr/lib/ruby/vendor_ruby/active_support/callbacks.rb:113:in `call'
  /usr/lib/ruby/vendor_ruby/active_support/callbacks.rb:552:in `block (2 levels) in compile'
  /usr/lib/ruby/vendor_ruby/active_support/callbacks.rb:502:in `call'
  /usr/lib/ruby/vendor_ruby/active_support/callbacks.rb:502:in `call'
  /usr/lib/ruby/vendor_ruby/active_support/callbacks.rb:86:in `run_callbacks'
  /usr/lib/ruby/vendor_ruby/abstract_controller/callbacks.rb:19:in `process_action'
  /usr/lib/ruby/vendor_ruby/action_controller/metal/rescue.rb:29:in `process_action'
  /usr/lib/ruby/vendor_ruby/action_controller/metal/instrumentation.rb:32:in `block in process_action'
  /usr/lib/ruby/vendor_ruby/active_support/notifications.rb:159:in `block in instrument'
  /usr/lib/ruby/vendor_ruby/active_support/notifications/instrumenter.rb:20:in `instrument'
  /usr/lib/ruby/vendor_ruby/active_support/notifications.rb:159:in `instrument'
  /usr/lib/ruby/vendor_ruby/action_controller/metal/instrumentation.rb:30:in `process_action'
  /usr/lib/ruby/vendor_ruby/action_controller/metal/params_wrapper.rb:250:in `process_action'
  activerecord (4.1.10) lib/active_record/railties/controller_runtime.rb:18:in `process_action'
  /usr/lib/ruby/vendor_ruby/abstract_controller/base.rb:136:in `process'
  /usr/lib/ruby/vendor_ruby/action_view/rendering.rb:30:in `process'
  /usr/lib/ruby/vendor_ruby/action_controller/metal.rb:196:in `dispatch'
  /usr/lib/ruby/vendor_ruby/action_controller/metal/rack_delegation.rb:13:in `dispatch'
  /usr/lib/ruby/vendor_ruby/action_controller/metal.rb:232:in `block in action'
  /usr/lib/ruby/vendor_ruby/action_dispatch/routing/route_set.rb:82:in `call'
  /usr/lib/ruby/vendor_ruby/action_dispatch/routing/route_set.rb:82:in `dispatch'
  /usr/lib/ruby/vendor_ruby/action_dispatch/routing/route_set.rb:50:in `call'
  /usr/lib/ruby/vendor_ruby/action_dispatch/journey/router.rb:73:in `block in call'
  /usr/lib/ruby/vendor_ruby/action_dispatch/journey/router.rb:59:in `each'
  /usr/lib/ruby/vendor_ruby/action_dispatch/journey/router.rb:59:in `call'
  /usr/lib/ruby/vendor_ruby/action_dispatch/routing/route_set.rb:692:in `call'
  rack (1.5.5) lib/rack/etag.rb:23:in `call'
  rack (1.5.5) lib/rack/conditionalget.rb:25:in `call'
  rack (1.5.5) lib/rack/head.rb:11:in `call'
  /usr/lib/ruby/vendor_ruby/action_dispatch/middleware/params_parser.rb:27:in `call'
  /usr/lib/ruby/vendor_ruby/action_dispatch/middleware/flash.rb:254:in `call'
  rack (1.5.5) lib/rack/session/abstract/id.rb:225:in `context'
  rack (1.5.5) lib/rack/session/abstract/id.rb:220:in `call'
  /usr/lib/ruby/vendor_ruby/action_dispatch/middleware/cookies.rb:562:in `call'
  activerecord (4.1.10) lib/active_record/query_cache.rb:36:in `call'
  activerecord (4.1.10) lib/active_record/connection_adapters/abstract/connection_pool.rb:621:in `call'
  activerecord (4.1.10) lib/active_record/migration.rb:380:in `call'
  /usr/lib/ruby/vendor_ruby/action_dispatch/middleware/callbacks.rb:29:in `block in call'
  /usr/lib/ruby/vendor_ruby/active_support/callbacks.rb:82:in `run_callbacks'
  /usr/lib/ruby/vendor_ruby/action_dispatch/middleware/callbacks.rb:27:in `call'
  /usr/lib/ruby/vendor_ruby/action_dispatch/middleware/reloader.rb:73:in `call'
  /usr/lib/ruby/vendor_ruby/action_dispatch/middleware/remote_ip.rb:76:in `call'
  /usr/lib/ruby/vendor_ruby/action_dispatch/middleware/debug_exceptions.rb:17:in `call'
  /usr/lib/ruby/vendor_ruby/action_dispatch/middleware/show_exceptions.rb:30:in `call'
  /usr/lib/ruby/vendor_ruby/rails/rack/logger.rb:38:in `call_app'
  /usr/lib/ruby/vendor_ruby/rails/rack/logger.rb:20:in `block in call'
  /usr/lib/ruby/vendor_ruby/active_support/tagged_logging.rb:68:in `block in tagged'
  /usr/lib/ruby/vendor_ruby/active_support/tagged_logging.rb:26:in `tagged'
  /usr/lib/ruby/vendor_ruby/active_support/tagged_logging.rb:68:in `tagged'
  /usr/lib/ruby/vendor_ruby/rails/rack/logger.rb:20:in `call'
  /usr/lib/ruby/vendor_ruby/action_dispatch/middleware/request_id.rb:21:in `call'
  rack (1.5.5) lib/rack/methodoverride.rb:21:in `call'
  rack (1.5.5) lib/rack/runtime.rb:17:in `call'
  /usr/lib/ruby/vendor_ruby/active_support/cache/strategy/local_cache_middleware.rb:26:in `call'
  rack (1.5.5) lib/rack/lock.rb:17:in `call'
  /usr/lib/ruby/vendor_ruby/action_dispatch/middleware/static.rb:84:in `call'
  rack (1.5.5) lib/rack/sendfile.rb:112:in `call'
  /usr/lib/ruby/vendor_ruby/rails/engine.rb:514:in `call'
  /usr/lib/ruby/vendor_ruby/rails/application.rb:144:in `call'
  rack (1.5.5) lib/rack/lock.rb:17:in `call'
  rack (1.5.5) lib/rack/content_length.rb:14:in `call'
  rack (1.5.5) lib/rack/handler/webrick.rb:60:in `service'
  /usr/lib/ruby/2.1.0/webrick/httpserver.rb:138:in `service'
  /usr/lib/ruby/2.1.0/webrick/httpserver.rb:94:in `run'
  /usr/lib/ruby/2.1.0/webrick/server.rb:295:in `block in start_thread'


  Rendered /usr/lib/ruby/vendor_ruby/action_dispatch/middleware/templates/rescues/missing_template.html.erb within rescues/layout (1.0ms)


Started GET "/" for 127.0.0.1 at 2016-06-01 19:22:03 -0400
Processing by Rails::WelcomeController#index as HTML
  Rendered /usr/lib/ruby/vendor_ruby/rails/templates/rails/welcome/index.html.erb (0.2ms)
Completed 200 OK in 4ms (Views: 2.9ms | ActiveRecord: 0.0ms)


Started GET "/" for 127.0.0.1 at 2016-06-01 19:30:57 -0400
Processing by Rails::WelcomeController#index as HTML
  Rendered /usr/lib/ruby/vendor_ruby/rails/templates/rails/welcome/index.html.erb (4.2ms)
Completed 200 OK in 141ms (Views: 90.2ms | ActiveRecord: 0.0ms)


Started GET "/welcome" for 127.0.0.1 at 2016-06-01 19:31:05 -0400
Processing by PagesController#home as HTML
Completed 500 Internal Server Error in 78ms (ActiveRecord: 0.0ms)

ActionView::MissingTemplate (Missing template pages/home, application/home with {:locale=>[:en], :formats=>[:html], :variants=>[], :handlers=>[:erb, :builder, :raw, :ruby, :coffee, :jbuilder]}. Searched in:
  * "/home/mark/Desktop/Ruby_On_Rails/Project/app/views"
):
  /usr/lib/ruby/vendor_ruby/action_view/path_set.rb:46:in `find'
  /usr/lib/ruby/vendor_ruby/action_view/lookup_context.rb:124:in `find'
  /usr/lib/ruby/vendor_ruby/action_view/renderer/abstract_renderer.rb:18:in `find_template'
  /usr/lib/ruby/vendor_ruby/action_view/renderer/template_renderer.rb:41:in `determine_template'
  /usr/lib/ruby/vendor_ruby/action_view/renderer/template_renderer.rb:8:in `render'
  /usr/lib/ruby/vendor_ruby/action_view/renderer/renderer.rb:42:in `render_template'
  /usr/lib/ruby/vendor_ruby/action_view/renderer/renderer.rb:23:in `render'
  /usr/lib/ruby/vendor_ruby/action_view/rendering.rb:99:in `_render_template'
  /usr/lib/ruby/vendor_ruby/action_controller/metal/streaming.rb:217:in `_render_template'
  /usr/lib/ruby/vendor_ruby/action_view/rendering.rb:82:in `render_to_body'
  /usr/lib/ruby/vendor_ruby/action_controller/metal/rendering.rb:32:in `render_to_body'
  /usr/lib/ruby/vendor_ruby/action_controller/metal/renderers.rb:32:in `render_to_body'
  /usr/lib/ruby/vendor_ruby/abstract_controller/rendering.rb:25:in `render'
  /usr/lib/ruby/vendor_ruby/action_controller/metal/rendering.rb:16:in `render'
  /usr/lib/ruby/vendor_ruby/action_controller/metal/instrumentation.rb:44:in `block (2 levels) in render'
  /usr/lib/ruby/vendor_ruby/active_support/core_ext/benchmark.rb:12:in `block in ms'
  /usr/lib/ruby/2.1.0/benchmark.rb:294:in `realtime'
  /usr/lib/ruby/vendor_ruby/active_support/core_ext/benchmark.rb:12:in `ms'
  /usr/lib/ruby/vendor_ruby/action_controller/metal/instrumentation.rb:44:in `block in render'
  /usr/lib/ruby/vendor_ruby/action_controller/metal/instrumentation.rb:87:in `cleanup_view_runtime'
  activerecord (4.1.10) lib/active_record/railties/controller_runtime.rb:25:in `cleanup_view_runtime'
  /usr/lib/ruby/vendor_ruby/action_controller/metal/instrumentation.rb:43:in `render'
  /usr/lib/ruby/vendor_ruby/action_controller/metal/implicit_render.rb:10:in `default_render'
  /usr/lib/ruby/vendor_ruby/action_controller/metal/implicit_render.rb:5:in `send_action'
  /usr/lib/ruby/vendor_ruby/abstract_controller/base.rb:189:in `process_action'
  /usr/lib/ruby/vendor_ruby/action_controller/metal/rendering.rb:10:in `process_action'
  /usr/lib/ruby/vendor_ruby/abstract_controller/callbacks.rb:20:in `block in process_action'
  /usr/lib/ruby/vendor_ruby/active_support/callbacks.rb:113:in `call'
  /usr/lib/ruby/vendor_ruby/active_support/callbacks.rb:113:in `call'
  /usr/lib/ruby/vendor_ruby/active_support/callbacks.rb:552:in `block (2 levels) in compile'
  /usr/lib/ruby/vendor_ruby/active_support/callbacks.rb:502:in `call'
  /usr/lib/ruby/vendor_ruby/active_support/callbacks.rb:502:in `call'
  /usr/lib/ruby/vendor_ruby/active_support/callbacks.rb:86:in `run_callbacks'
  /usr/lib/ruby/vendor_ruby/abstract_controller/callbacks.rb:19:in `process_action'
  /usr/lib/ruby/vendor_ruby/action_controller/metal/rescue.rb:29:in `process_action'
  /usr/lib/ruby/vendor_ruby/action_controller/metal/instrumentation.rb:32:in `block in process_action'
  /usr/lib/ruby/vendor_ruby/active_support/notifications.rb:159:in `block in instrument'
  /usr/lib/ruby/vendor_ruby/active_support/notifications/instrumenter.rb:20:in `instrument'
  /usr/lib/ruby/vendor_ruby/active_support/notifications.rb:159:in `instrument'
  /usr/lib/ruby/vendor_ruby/action_controller/metal/instrumentation.rb:30:in `process_action'
  /usr/lib/ruby/vendor_ruby/action_controller/metal/params_wrapper.rb:250:in `process_action'
  activerecord (4.1.10) lib/active_record/railties/controller_runtime.rb:18:in `process_action'
  /usr/lib/ruby/vendor_ruby/abstract_controller/base.rb:136:in `process'
  /usr/lib/ruby/vendor_ruby/action_view/rendering.rb:30:in `process'
  /usr/lib/ruby/vendor_ruby/action_controller/metal.rb:196:in `dispatch'
  /usr/lib/ruby/vendor_ruby/action_controller/metal/rack_delegation.rb:13:in `dispatch'
  /usr/lib/ruby/vendor_ruby/action_controller/metal.rb:232:in `block in action'
  /usr/lib/ruby/vendor_ruby/action_dispatch/routing/route_set.rb:82:in `call'
  /usr/lib/ruby/vendor_ruby/action_dispatch/routing/route_set.rb:82:in `dispatch'
  /usr/lib/ruby/vendor_ruby/action_dispatch/routing/route_set.rb:50:in `call'
  /usr/lib/ruby/vendor_ruby/action_dispatch/journey/router.rb:73:in `block in call'
  /usr/lib/ruby/vendor_ruby/action_dispatch/journey/router.rb:59:in `each'
  /usr/lib/ruby/vendor_ruby/action_dispatch/journey/router.rb:59:in `call'
  /usr/lib/ruby/vendor_ruby/action_dispatch/routing/route_set.rb:692:in `call'
  rack (1.5.5) lib/rack/etag.rb:23:in `call'
  rack (1.5.5) lib/rack/conditionalget.rb:25:in `call'
  rack (1.5.5) lib/rack/head.rb:11:in `call'
  /usr/lib/ruby/vendor_ruby/action_dispatch/middleware/params_parser.rb:27:in `call'
  /usr/lib/ruby/vendor_ruby/action_dispatch/middleware/flash.rb:254:in `call'
  rack (1.5.5) lib/rack/session/abstract/id.rb:225:in `context'
  rack (1.5.5) lib/rack/session/abstract/id.rb:220:in `call'
  /usr/lib/ruby/vendor_ruby/action_dispatch/middleware/cookies.rb:562:in `call'
  activerecord (4.1.10) lib/active_record/query_cache.rb:36:in `call'
  activerecord (4.1.10) lib/active_record/connection_adapters/abstract/connection_pool.rb:621:in `call'
  activerecord (4.1.10) lib/active_record/migration.rb:380:in `call'
  /usr/lib/ruby/vendor_ruby/action_dispatch/middleware/callbacks.rb:29:in `block in call'
  /usr/lib/ruby/vendor_ruby/active_support/callbacks.rb:82:in `run_callbacks'
  /usr/lib/ruby/vendor_ruby/action_dispatch/middleware/callbacks.rb:27:in `call'
  /usr/lib/ruby/vendor_ruby/action_dispatch/middleware/reloader.rb:73:in `call'
  /usr/lib/ruby/vendor_ruby/action_dispatch/middleware/remote_ip.rb:76:in `call'
  /usr/lib/ruby/vendor_ruby/action_dispatch/middleware/debug_exceptions.rb:17:in `call'
  /usr/lib/ruby/vendor_ruby/action_dispatch/middleware/show_exceptions.rb:30:in `call'
  /usr/lib/ruby/vendor_ruby/rails/rack/logger.rb:38:in `call_app'
  /usr/lib/ruby/vendor_ruby/rails/rack/logger.rb:20:in `block in call'
  /usr/lib/ruby/vendor_ruby/active_support/tagged_logging.rb:68:in `block in tagged'
  /usr/lib/ruby/vendor_ruby/active_support/tagged_logging.rb:26:in `tagged'
  /usr/lib/ruby/vendor_ruby/active_support/tagged_logging.rb:68:in `tagged'
  /usr/lib/ruby/vendor_ruby/rails/rack/logger.rb:20:in `call'
  /usr/lib/ruby/vendor_ruby/action_dispatch/middleware/request_id.rb:21:in `call'
  rack (1.5.5) lib/rack/methodoverride.rb:21:in `call'
  rack (1.5.5) lib/rack/runtime.rb:17:in `call'
  /usr/lib/ruby/vendor_ruby/active_support/cache/strategy/local_cache_middleware.rb:26:in `call'
  rack (1.5.5) lib/rack/lock.rb:17:in `call'
  /usr/lib/ruby/vendor_ruby/action_dispatch/middleware/static.rb:84:in `call'
  rack (1.5.5) lib/rack/sendfile.rb:112:in `call'
  /usr/lib/ruby/vendor_ruby/rails/engine.rb:514:in `call'
  /usr/lib/ruby/vendor_ruby/rails/application.rb:144:in `call'
  rack (1.5.5) lib/rack/lock.rb:17:in `call'
  rack (1.5.5) lib/rack/content_length.rb:14:in `call'
  rack (1.5.5) lib/rack/handler/webrick.rb:60:in `service'
  /usr/lib/ruby/2.1.0/webrick/httpserver.rb:138:in `service'
  /usr/lib/ruby/2.1.0/webrick/httpserver.rb:94:in `run'
  /usr/lib/ruby/2.1.0/webrick/server.rb:295:in `block in start_thread'


  Rendered /usr/lib/ruby/vendor_ruby/action_dispatch/middleware/templates/rescues/missing_template.html.erb within rescues/layout (1.1ms)


Started GET "/" for 127.0.0.1 at 2016-06-01 19:34:50 -0400
Processing by Rails::WelcomeController#index as HTML
  Rendered /usr/lib/ruby/vendor_ruby/rails/templates/rails/welcome/index.html.erb (3.8ms)
Completed 200 OK in 30ms (Views: 13.4ms | ActiveRecord: 0.0ms)


Started GET "/welcome" for 127.0.0.1 at 2016-06-01 19:34:54 -0400
Processing by PagesController#home as HTML
Completed 500 Internal Server Error in 8ms (ActiveRecord: 0.0ms)

ActionView::MissingTemplate (Missing template pages/home, application/home with {:locale=>[:en], :formats=>[:html], :variants=>[], :handlers=>[:erb, :builder, :raw, :ruby, :coffee, :jbuilder]}. Searched in:
  * "/home/mark/Desktop/Ruby_On_Rails/Project/app/views"
):
  /usr/lib/ruby/vendor_ruby/action_view/path_set.rb:46:in `find'
  /usr/lib/ruby/vendor_ruby/action_view/lookup_context.rb:124:in `find'
  /usr/lib/ruby/vendor_ruby/action_view/renderer/abstract_renderer.rb:18:in `find_template'
  /usr/lib/ruby/vendor_ruby/action_view/renderer/template_renderer.rb:41:in `determine_template'
  /usr/lib/ruby/vendor_ruby/action_view/renderer/template_renderer.rb:8:in `render'
  /usr/lib/ruby/vendor_ruby/action_view/renderer/renderer.rb:42:in `render_template'
  /usr/lib/ruby/vendor_ruby/action_view/renderer/renderer.rb:23:in `render'
  /usr/lib/ruby/vendor_ruby/action_view/rendering.rb:99:in `_render_template'
  /usr/lib/ruby/vendor_ruby/action_controller/metal/streaming.rb:217:in `_render_template'
  /usr/lib/ruby/vendor_ruby/action_view/rendering.rb:82:in `render_to_body'
  /usr/lib/ruby/vendor_ruby/action_controller/metal/rendering.rb:32:in `render_to_body'
  /usr/lib/ruby/vendor_ruby/action_controller/metal/renderers.rb:32:in `render_to_body'
  /usr/lib/ruby/vendor_ruby/abstract_controller/rendering.rb:25:in `render'
  /usr/lib/ruby/vendor_ruby/action_controller/metal/rendering.rb:16:in `render'
  /usr/lib/ruby/vendor_ruby/action_controller/metal/instrumentation.rb:44:in `block (2 levels) in render'
  /usr/lib/ruby/vendor_ruby/active_support/core_ext/benchmark.rb:12:in `block in ms'
  /usr/lib/ruby/2.1.0/benchmark.rb:294:in `realtime'
  /usr/lib/ruby/vendor_ruby/active_support/core_ext/benchmark.rb:12:in `ms'
  /usr/lib/ruby/vendor_ruby/action_controller/metal/instrumentation.rb:44:in `block in render'
  /usr/lib/ruby/vendor_ruby/action_controller/metal/instrumentation.rb:87:in `cleanup_view_runtime'
  activerecord (4.1.10) lib/active_record/railties/controller_runtime.rb:25:in `cleanup_view_runtime'
  /usr/lib/ruby/vendor_ruby/action_controller/metal/instrumentation.rb:43:in `render'
  /usr/lib/ruby/vendor_ruby/action_controller/metal/implicit_render.rb:10:in `default_render'
  /usr/lib/ruby/vendor_ruby/action_controller/metal/implicit_render.rb:5:in `send_action'
  /usr/lib/ruby/vendor_ruby/abstract_controller/base.rb:189:in `process_action'
  /usr/lib/ruby/vendor_ruby/action_controller/metal/rendering.rb:10:in `process_action'
  /usr/lib/ruby/vendor_ruby/abstract_controller/callbacks.rb:20:in `block in process_action'
  /usr/lib/ruby/vendor_ruby/active_support/callbacks.rb:113:in `call'
  /usr/lib/ruby/vendor_ruby/active_support/callbacks.rb:113:in `call'
  /usr/lib/ruby/vendor_ruby/active_support/callbacks.rb:552:in `block (2 levels) in compile'
  /usr/lib/ruby/vendor_ruby/active_support/callbacks.rb:502:in `call'
  /usr/lib/ruby/vendor_ruby/active_support/callbacks.rb:502:in `call'
  /usr/lib/ruby/vendor_ruby/active_support/callbacks.rb:86:in `run_callbacks'
  /usr/lib/ruby/vendor_ruby/abstract_controller/callbacks.rb:19:in `process_action'
  /usr/lib/ruby/vendor_ruby/action_controller/metal/rescue.rb:29:in `process_action'
  /usr/lib/ruby/vendor_ruby/action_controller/metal/instrumentation.rb:32:in `block in process_action'
  /usr/lib/ruby/vendor_ruby/active_support/notifications.rb:159:in `block in instrument'
  /usr/lib/ruby/vendor_ruby/active_support/notifications/instrumenter.rb:20:in `instrument'
  /usr/lib/ruby/vendor_ruby/active_support/notifications.rb:159:in `instrument'
  /usr/lib/ruby/vendor_ruby/action_controller/metal/instrumentation.rb:30:in `process_action'
  /usr/lib/ruby/vendor_ruby/action_controller/metal/params_wrapper.rb:250:in `process_action'
  activerecord (4.1.10) lib/active_record/railties/controller_runtime.rb:18:in `process_action'
  /usr/lib/ruby/vendor_ruby/abstract_controller/base.rb:136:in `process'
  /usr/lib/ruby/vendor_ruby/action_view/rendering.rb:30:in `process'
  /usr/lib/ruby/vendor_ruby/action_controller/metal.rb:196:in `dispatch'
  /usr/lib/ruby/vendor_ruby/action_controller/metal/rack_delegation.rb:13:in `dispatch'
  /usr/lib/ruby/vendor_ruby/action_controller/metal.rb:232:in `block in action'
  /usr/lib/ruby/vendor_ruby/action_dispatch/routing/route_set.rb:82:in `call'
  /usr/lib/ruby/vendor_ruby/action_dispatch/routing/route_set.rb:82:in `dispatch'
  /usr/lib/ruby/vendor_ruby/action_dispatch/routing/route_set.rb:50:in `call'
  /usr/lib/ruby/vendor_ruby/action_dispatch/journey/router.rb:73:in `block in call'
  /usr/lib/ruby/vendor_ruby/action_dispatch/journey/router.rb:59:in `each'
  /usr/lib/ruby/vendor_ruby/action_dispatch/journey/router.rb:59:in `call'
  /usr/lib/ruby/vendor_ruby/action_dispatch/routing/route_set.rb:692:in `call'
  rack (1.5.5) lib/rack/etag.rb:23:in `call'
  rack (1.5.5) lib/rack/conditionalget.rb:25:in `call'
  rack (1.5.5) lib/rack/head.rb:11:in `call'
  /usr/lib/ruby/vendor_ruby/action_dispatch/middleware/params_parser.rb:27:in `call'
  /usr/lib/ruby/vendor_ruby/action_dispatch/middleware/flash.rb:254:in `call'
  rack (1.5.5) lib/rack/session/abstract/id.rb:225:in `context'
  rack (1.5.5) lib/rack/session/abstract/id.rb:220:in `call'
  /usr/lib/ruby/vendor_ruby/action_dispatch/middleware/cookies.rb:562:in `call'
  activerecord (4.1.10) lib/active_record/query_cache.rb:36:in `call'
  activerecord (4.1.10) lib/active_record/connection_adapters/abstract/connection_pool.rb:621:in `call'
  activerecord (4.1.10) lib/active_record/migration.rb:380:in `call'
  /usr/lib/ruby/vendor_ruby/action_dispatch/middleware/callbacks.rb:29:in `block in call'
  /usr/lib/ruby/vendor_ruby/active_support/callbacks.rb:82:in `run_callbacks'
  /usr/lib/ruby/vendor_ruby/action_dispatch/middleware/callbacks.rb:27:in `call'
  /usr/lib/ruby/vendor_ruby/action_dispatch/middleware/reloader.rb:73:in `call'
  /usr/lib/ruby/vendor_ruby/action_dispatch/middleware/remote_ip.rb:76:in `call'
  /usr/lib/ruby/vendor_ruby/action_dispatch/middleware/debug_exceptions.rb:17:in `call'
  /usr/lib/ruby/vendor_ruby/action_dispatch/middleware/show_exceptions.rb:30:in `call'
  /usr/lib/ruby/vendor_ruby/rails/rack/logger.rb:38:in `call_app'
  /usr/lib/ruby/vendor_ruby/rails/rack/logger.rb:20:in `block in call'
  /usr/lib/ruby/vendor_ruby/active_support/tagged_logging.rb:68:in `block in tagged'
  /usr/lib/ruby/vendor_ruby/active_support/tagged_logging.rb:26:in `tagged'
  /usr/lib/ruby/vendor_ruby/active_support/tagged_logging.rb:68:in `tagged'
  /usr/lib/ruby/vendor_ruby/rails/rack/logger.rb:20:in `call'
  /usr/lib/ruby/vendor_ruby/action_dispatch/middleware/request_id.rb:21:in `call'
  rack (1.5.5) lib/rack/methodoverride.rb:21:in `call'
  rack (1.5.5) lib/rack/runtime.rb:17:in `call'
  /usr/lib/ruby/vendor_ruby/active_support/cache/strategy/local_cache_middleware.rb:26:in `call'
  rack (1.5.5) lib/rack/lock.rb:17:in `call'
  /usr/lib/ruby/vendor_ruby/action_dispatch/middleware/static.rb:84:in `call'
  rack (1.5.5) lib/rack/sendfile.rb:112:in `call'
  /usr/lib/ruby/vendor_ruby/rails/engine.rb:514:in `call'
  /usr/lib/ruby/vendor_ruby/rails/application.rb:144:in `call'
  rack (1.5.5) lib/rack/lock.rb:17:in `call'
  rack (1.5.5) lib/rack/content_length.rb:14:in `call'
  rack (1.5.5) lib/rack/handler/webrick.rb:60:in `service'
  /usr/lib/ruby/2.1.0/webrick/httpserver.rb:138:in `service'
  /usr/lib/ruby/2.1.0/webrick/httpserver.rb:94:in `run'
  /usr/lib/ruby/2.1.0/webrick/server.rb:295:in `block in start_thread'


  Rendered /usr/lib/ruby/vendor_ruby/action_dispatch/middleware/templates/rescues/missing_template.html.erb within rescues/layout (1.0ms)


Started GET "/welcome" for 127.0.0.1 at 2016-06-01 19:36:52 -0400
Processing by PagesController#home as HTML
  Rendered pages/home.html.erb within layouts/application (2.8ms)
Completed 200 OK in 1771ms (Views: 1753.8ms | ActiveRecord: 0.0ms)


Started GET "/assets/pages.css?body=1" for 127.0.0.1 at 2016-06-01 19:36:54 -0400


Started GET "/assets/jquery_ujs.js?body=1" for 127.0.0.1 at 2016-06-01 19:36:54 -0400


Started GET "/assets/jquery.js?body=1" for 127.0.0.1 at 2016-06-01 19:36:54 -0400


Started GET "/assets/application.css?body=1" for 127.0.0.1 at 2016-06-01 19:36:54 -0400


Started GET "/assets/turbolinks.js?body=1" for 127.0.0.1 at 2016-06-01 19:36:54 -0400


Started GET "/assets/pages.js?body=1" for 127.0.0.1 at 2016-06-01 19:36:54 -0400


Started GET "/assets/application.js?body=1" for 127.0.0.1 at 2016-06-01 19:36:54 -0400


Started GET "/" for 127.0.0.1 at 2016-06-01 19:36:59 -0400
Processing by Rails::WelcomeController#index as HTML
  Rendered /usr/lib/ruby/vendor_ruby/rails/templates/rails/welcome/index.html.erb (1.8ms)
Completed 200 OK in 7ms (Views: 4.8ms | ActiveRecord: 0.0ms)


Started GET "/welcome" for 127.0.0.1 at 2016-06-01 19:37:04 -0400
Processing by PagesController#home as HTML
  Rendered pages/home.html.erb within layouts/application (0.1ms)
Completed 200 OK in 94ms (Views: 86.0ms | ActiveRecord: 0.0ms)
